[0m[[0minfo[0m] [0m[32mStep3_ReplicatorSpec:[0m[0m
[0m[[0minfo[0m] [0m[31m- case1: Replicator should send snapshots when asked to replicate *** FAILED ***[0m[0m
[0m[[0minfo[0m] [0m[31m  java.lang.AssertionError: assertion failed: timeout (3 seconds) during expectMsg while waiting for Snapshot(k1,Some(v2),1)[0m[0m
[0m[[0minfo[0m] [0m[31m  at scala.Predef$.assert(Predef.scala:165)[0m[0m
[0m[[0minfo[0m] [0m[31m  at akka.testkit.TestKitBase$class.expectMsg_internal(TestKit.scala:338)[0m[0m
[0m[[0minfo[0m] [0m[31m  at akka.testkit.TestKitBase$class.expectMsg(TestKit.scala:315)[0m[0m
[0m[[0minfo[0m] [0m[31m  at akka.testkit.TestKit.expectMsg(TestKit.scala:718)[0m[0m
[0m[[0minfo[0m] [0m[31m  at kvstore.Step3_ReplicatorSpec$$anonfun$1.apply$mcV$sp(Step3_ReplicatorSpec.scala:36)[0m[0m
[0m[[0minfo[0m] [0m[31m  at kvstore.Step3_ReplicatorSpec$$anonfun$1.apply(Step3_ReplicatorSpec.scala:26)[0m[0m
[0m[[0minfo[0m] [0m[31m  at kvstore.Step3_ReplicatorSpec$$anonfun$1.apply(Step3_ReplicatorSpec.scala:26)[0m[0m
[0m[[0minfo[0m] [0m[31m  at org.scalatest.Transformer$$anonfun$apply$1.apply$mcV$sp(Transformer.scala:22)[0m[0m
[0m[[0minfo[0m] [0m[31m  at org.scalatest.OutcomeOf$class.outcomeOf(OutcomeOf.scala:85)[0m[0m
[0m[[0minfo[0m] [0m[31m  at org.scalatest.OutcomeOf$.outcomeOf(OutcomeOf.scala:104)[0m[0m
[0m[[0minfo[0m] [0m[31m  ...[0m[0m
[0m[[0minfo[0m] [0m[31m- case2: Replicator should retry until acknowledged by secondary *** FAILED ***[0m[0m
[0m[[0minfo[0m] [0m[31m  java.lang.AssertionError: assertion failed: timeout (300 milliseconds) during expectMsg while waiting for Snapshot(k1,Some(v1),0)[0m[0m
[0m[[0minfo[0m] [0m[31m  at scala.Predef$.assert(Predef.scala:165)[0m[0m
[0m[[0minfo[0m] [0m[31m  at akka.testkit.TestKitBase$class.expectMsg_internal(TestKit.scala:338)[0m[0m
[0m[[0minfo[0m] [0m[31m  at akka.testkit.TestKitBase$class.expectMsg(TestKit.scala:324)[0m[0m
[0m[[0minfo[0m] [0m[31m  at akka.testkit.TestKit.expectMsg(TestKit.scala:718)[0m[0m
[0m[[0minfo[0m] [0m[31m  at kvstore.Step3_ReplicatorSpec$$anonfun$2.apply$mcV$sp(Step3_ReplicatorSpec.scala:56)[0m[0m
[0m[[0minfo[0m] [0m[31m  at kvstore.Step3_ReplicatorSpec$$anonfun$2.apply(Step3_ReplicatorSpec.scala:50)[0m[0m
[0m[[0minfo[0m] [0m[31m  at kvstore.Step3_ReplicatorSpec$$anonfun$2.apply(Step3_ReplicatorSpec.scala:50)[0m[0m
[0m[[0minfo[0m] [0m[31m  at org.scalatest.Transformer$$anonfun$apply$1.apply$mcV$sp(Transformer.scala:22)[0m[0m
[0m[[0minfo[0m] [0m[31m  at org.scalatest.OutcomeOf$class.outcomeOf(OutcomeOf.scala:85)[0m[0m
[0m[[0minfo[0m] [0m[31m  at org.scalatest.OutcomeOf$.outcomeOf(OutcomeOf.scala:104)[0m[0m
[0m[[0minfo[0m] [0m[31m  ...[0m[0m
